<component name="libraryTable">
  <library name="junit-4.12">
    <CLASSES>
      <root url="jar://$APPLICATION_HOME_DIR$/lib/junit4.jar!/" />
    </CLASSES>
    <JAVADOC />
    <SOURCES />
  </library>
</component>